[INFO  - 2018-12-17T09:28:49.154Z] GhostDriver - Main - running on port 57505
[INFO  - 2018-12-17T09:28:51.250Z] Session [2a1d46c0-01de-11e9-84cd-5922304bb240] - page.settings - {"XSSAuditingEnabled":false,"javascriptCanCloseWindows":true,"javascriptCanOpenWindows":true,"javascriptEnabled":true,"loadImages":true,"localToRemoteUrlAccessEnabled":false,"userAgent":"Mozilla/5.0 (Windows NT 6.2; WOW64) AppleWebKit/538.1 (KHTML, like Gecko) PhantomJS/2.1.1 Safari/538.1","webSecurityEnabled":true}
[INFO  - 2018-12-17T09:28:51.250Z] Session [2a1d46c0-01de-11e9-84cd-5922304bb240] - page.customHeaders:  - {}
[INFO  - 2018-12-17T09:28:51.250Z] Session [2a1d46c0-01de-11e9-84cd-5922304bb240] - Session.negotiatedCapabilities - {"browserName":"phantomjs","version":"2.1.1","driverName":"ghostdriver","driverVersion":"1.2.0","platform":"windows-10-32bit","javascriptEnabled":true,"takesScreenshot":true,"handlesAlerts":false,"databaseEnabled":false,"locationContextEnabled":false,"applicationCacheEnabled":false,"browserConnectionEnabled":false,"cssSelectorsEnabled":true,"webStorageEnabled":false,"rotatable":false,"acceptSslCerts":false,"nativeEvents":true,"proxy":{"proxyType":"direct"}}
[INFO  - 2018-12-17T09:28:51.250Z] SessionManagerReqHand - _postNewSessionCommand - New Session Created: 2a1d46c0-01de-11e9-84cd-5922304bb240
[ERROR - 2018-12-17T09:28:54.303Z] Session [2a1d46c0-01de-11e9-84cd-5922304bb240] - page.onError - msg: TypeError: undefined is not a constructor (evaluating 'document[__Ox229ff[111]](__Ox229ff[110])[__Ox229ff[109]]()')

  phantomjs://platform/console++.js:263 in error
[ERROR - 2018-12-17T09:28:54.304Z] Session [2a1d46c0-01de-11e9-84cd-5922304bb240] - page.onError - stack:
  applyVideo (https://kys.tqdn.cn/js/main.js?t=1543020672:1)

  phantomjs://platform/console++.js:263 in error
[ERROR - 2018-12-17T09:29:02.839Z] Session [2a1d46c0-01de-11e9-84cd-5922304bb240] - page.onError - msg: TypeError: undefined is not a constructor (evaluating 'document[__Ox229ff[111]](__Ox229ff[110])[__Ox229ff[109]]()')

  phantomjs://platform/console++.js:263 in error
[ERROR - 2018-12-17T09:29:02.839Z] Session [2a1d46c0-01de-11e9-84cd-5922304bb240] - page.onError - stack:
  applyVideo (https://kys.tqdn.cn/js/main.js?t=1543020672:1)
  success (https://kys.tqdn.cn/js/main.js?t=1543020672:1)
  u (https://kys.tqdn.cn/js/jquery.min.js?t=1538962699:1)
  fireWith (https://kys.tqdn.cn/js/jquery.min.js?t=1538962699:1)
  k (https://kys.tqdn.cn/js/jquery.min.js?t=1538962699:1)
  (anonymous function) (https://kys.tqdn.cn/js/jquery.min.js?t=1538962699:1)

  phantomjs://platform/console++.js:263 in error
[ERROR - 2018-12-17T09:29:10.417Z] Session [2a1d46c0-01de-11e9-84cd-5922304bb240] - page.onError - msg: TypeError: undefined is not a constructor (evaluating 'document[__Ox229ff[111]](__Ox229ff[110])[__Ox229ff[109]]()')

  phantomjs://platform/console++.js:263 in error
[ERROR - 2018-12-17T09:29:10.417Z] Session [2a1d46c0-01de-11e9-84cd-5922304bb240] - page.onError - stack:
  applyVideo (https://kys.tqdn.cn/js/main.js?t=1543020672:1)
  success (https://kys.tqdn.cn/js/main.js?t=1543020672:1)
  u (https://kys.tqdn.cn/js/jquery.min.js?t=1538962699:1)
  fireWith (https://kys.tqdn.cn/js/jquery.min.js?t=1538962699:1)
  k (https://kys.tqdn.cn/js/jquery.min.js?t=1538962699:1)
  (anonymous function) (https://kys.tqdn.cn/js/jquery.min.js?t=1538962699:1)

  phantomjs://platform/console++.js:263 in error
